# JRE version: OpenJDK Runtime Environment (15.0+36) (build 15+36-1562)
# Java VM: OpenJDK 64-Bit Server VM (15+36-1562, mixed mode, sharing, tiered, compressed oops, g1 gc, windows-amd64)
GC Precious Log:
 CPUs: 12 total, 12 available
 Memory: 8036M
 Large Page Support: Disabled
 NUMA Support: Disabled
 Compressed Oops: Enabled (32-bit)
 Heap Region Size: 1M
 Heap Min Capacity: 8M
 Heap Initial Capacity: 126M
 Heap Max Capacity: 2010M
 Pre-touch: Disabled
 Parallel Workers: 10
 Concurrent Workers: 3
 Concurrent Refinement Workers: 10
 Periodic GC: Disabled
Heap:
 garbage-first heap   total 33792K, used 19176K [0x0000000082600000, 0x0000000100000000)
  region size 1024K, 8 young (8192K), 2 survivors (2048K)
 Metaspace       used 33755K, capacity 34393K, committed 34560K, reserved 1079296K
  class space    used 3575K, capacity 3765K, committed 3840K, reserved 1048576K
GC Heap History (20 events):
Event: 207.241 GC heap before
{Heap before GC invocations=85 (full 0):
 garbage-first heap   total 33792K, used 24400K [0x0000000082600000, 0x0000000100000000)
  region size 1024K, 13 young (13312K), 2 survivors (2048K)
 Metaspace       used 33639K, capacity 34258K, committed 34560K, reserved 1079296K
  class space    used 3574K, capacity 3763K, committed 3840K, reserved 1048576K
}
Event: 207.242 GC heap after
{Heap after GC invocations=86 (full 0):
 garbage-first heap   total 33792K, used 13219K [0x0000000082600000, 0x0000000100000000)
  region size 1024K, 2 young (2048K), 2 survivors (2048K)
 Metaspace       used 33639K, capacity 34258K, committed 34560K, reserved 1079296K
  class space    used 3574K, capacity 3763K, committed 3840K, reserved 1048576K
}
Event: 207.290 GC heap before
{Heap before GC invocations=86 (full 0):
 garbage-first heap   total 33792K, used 24483K [0x0000000082600000, 0x0000000100000000)
  region size 1024K, 13 young (13312K), 2 survivors (2048K)
 Metaspace       used 33644K, capacity 34258K, committed 34560K, reserved 1079296K
  class space    used 3574K, capacity 3763K, committed 3840K, reserved 1048576K
}
Event: 207.292 GC heap after
{Heap after GC invocations=87 (full 0):
 garbage-first heap   total 33792K, used 13347K [0x0000000082600000, 0x0000000100000000)
  region size 1024K, 2 young (2048K), 2 survivors (2048K)
 Metaspace       used 33644K, capacity 34258K, committed 34560K, reserved 1079296K
  class space    used 3574K, capacity 3763K, committed 3840K, reserved 1048576K
}
Event: 207.342 GC heap before
{Heap before GC invocations=87 (full 0):
 garbage-first heap   total 33792K, used 24611K [0x0000000082600000, 0x0000000100000000)
  region size 1024K, 13 young (13312K), 2 survivors (2048K)
 Metaspace       used 33652K, capacity 34258K, committed 34560K, reserved 1079296K
  class space    used 3574K, capacity 3763K, committed 3840K, reserved 1048576K
}
Event: 207.343 GC heap after
{Heap after GC invocations=88 (full 0):
 garbage-first heap   total 33792K, used 13480K [0x0000000082600000, 0x0000000100000000)
  region size 1024K, 2 young (2048K), 2 survivors (2048K)
 Metaspace       used 33652K, capacity 34258K, committed 34560K, reserved 1079296K
  class space    used 3574K, capacity 3763K, committed 3840K, reserved 1048576K
}
Event: 207.396 GC heap before
{Heap before GC invocations=88 (full 0):
 garbage-first heap   total 33792K, used 24744K [0x0000000082600000, 0x0000000100000000)
  region size 1024K, 13 young (13312K), 2 survivors (2048K)
 Metaspace       used 33678K, capacity 34264K, committed 34560K, reserved 1079296K
  class space    used 3575K, capacity 3765K, committed 3840K, reserved 1048576K
}
Event: 207.397 GC heap after
{Heap after GC invocations=89 (full 0):
 garbage-first heap   total 33792K, used 12932K [0x0000000082600000, 0x0000000100000000)
  region size 1024K, 1 young (1024K), 1 survivors (1024K)
 Metaspace       used 33678K, capacity 34264K, committed 34560K, reserved 1079296K
  class space    used 3575K, capacity 3765K, committed 3840K, reserved 1048576K
}
Event: 217.993 GC heap before
{Heap before GC invocations=89 (full 0):
 garbage-first heap   total 33792K, used 25220K [0x0000000082600000, 0x0000000100000000)
  region size 1024K, 13 young (13312K), 1 survivors (1024K)
 Metaspace       used 33697K, capacity 34265K, committed 34560K, reserved 1079296K
  class space    used 3575K, capacity 3765K, committed 3840K, reserved 1048576K
}
Event: 217.994 GC heap after
{Heap after GC invocations=90 (full 0):
 garbage-first heap   total 33792K, used 13131K [0x0000000082600000, 0x0000000100000000)
  region size 1024K, 1 young (1024K), 1 survivors (1024K)
 Metaspace       used 33697K, capacity 34265K, committed 34560K, reserved 1079296K
  class space    used 3575K, capacity 3765K, committed 3840K, reserved 1048576K
}
Event: 218.041 GC heap before
{Heap before GC invocations=90 (full 0):
 garbage-first heap   total 33792K, used 25419K [0x0000000082600000, 0x0000000100000000)
  region size 1024K, 13 young (13312K), 1 survivors (1024K)
 Metaspace       used 33697K, capacity 34265K, committed 34560K, reserved 1079296K
  class space    used 3575K, capacity 3765K, committed 3840K, reserved 1048576K
}
Event: 218.043 GC heap after
{Heap after GC invocations=91 (full 0):
 garbage-first heap   total 33792K, used 13198K [0x0000000082600000, 0x0000000100000000)
  region size 1024K, 2 young (2048K), 2 survivors (2048K)
 Metaspace       used 33697K, capacity 34265K, committed 34560K, reserved 1079296K
  class space    used 3575K, capacity 3765K, committed 3840K, reserved 1048576K
}
Event: 219.671 GC heap before
{Heap before GC invocations=91 (full 0):
 garbage-first heap   total 33792K, used 24462K [0x0000000082600000, 0x0000000100000000)
  region size 1024K, 13 young (13312K), 2 survivors (2048K)
 Metaspace       used 33728K, capacity 34329K, committed 34560K, reserved 1079296K
  class space    used 3575K, capacity 3765K, committed 3840K, reserved 1048576K
}
Event: 219.673 GC heap after
{Heap after GC invocations=92 (full 0):
 garbage-first heap   total 33792K, used 13297K [0x0000000082600000, 0x0000000100000000)
  region size 1024K, 2 young (2048K), 2 survivors (2048K)
 Metaspace       used 33728K, capacity 34329K, committed 34560K, reserved 1079296K
  class space    used 3575K, capacity 3765K, committed 3840K, reserved 1048576K
}
Event: 219.722 GC heap before
{Heap before GC invocations=92 (full 0):
 garbage-first heap   total 33792K, used 24561K [0x0000000082600000, 0x0000000100000000)
  region size 1024K, 13 young (13312K), 2 survivors (2048K)
 Metaspace       used 33734K, capacity 34329K, committed 34560K, reserved 1079296K
  class space    used 3575K, capacity 3765K, committed 3840K, reserved 1048576K
}
Event: 219.724 GC heap after
{Heap after GC invocations=93 (full 0):
 garbage-first heap   total 33792K, used 13389K [0x0000000082600000, 0x0000000100000000)
  region size 1024K, 2 young (2048K), 2 survivors (2048K)
 Metaspace       used 33734K, capacity 34329K, committed 34560K, reserved 1079296K
  class space    used 3575K, capacity 3765K, committed 3840K, reserved 1048576K
}
Event: 219.771 GC heap before
{Heap before GC invocations=93 (full 0):
 garbage-first heap   total 33792K, used 24653K [0x0000000082600000, 0x0000000100000000)
  region size 1024K, 13 young (13312K), 2 survivors (2048K)
 Metaspace       used 33737K, capacity 34329K, committed 34560K, reserved 1079296K
  class space    used 3575K, capacity 3765K, committed 3840K, reserved 1048576K
}
Event: 219.772 GC heap after
{Heap after GC invocations=94 (full 0):
 garbage-first heap   total 33792K, used 13498K [0x0000000082600000, 0x0000000100000000)
  region size 1024K, 2 young (2048K), 2 survivors (2048K)
 Metaspace       used 33737K, capacity 34329K, committed 34560K, reserved 1079296K
  class space    used 3575K, capacity 3765K, committed 3840K, reserved 1048576K
}
Event: 221.973 GC heap before
{Heap before GC invocations=94 (full 0):
 garbage-first heap   total 33792K, used 24762K [0x0000000082600000, 0x0000000100000000)
  region size 1024K, 13 young (13312K), 2 survivors (2048K)
 Metaspace       used 33748K, capacity 34393K, committed 34560K, reserved 1079296K
  class space    used 3575K, capacity 3765K, committed 3840K, reserved 1048576K
}
Event: 221.975 GC heap after
{Heap after GC invocations=95 (full 0):
 garbage-first heap   total 33792K, used 13568K [0x0000000082600000, 0x0000000100000000)
  region size 1024K, 2 young (2048K), 2 survivors (2048K)
 Metaspace       used 33748K, capacity 34393K, committed 34560K, reserved 1079296K
  class space    used 3575K, capacity 3765K, committed 3840K, reserved 1048576K
}

