# JRE version: OpenJDK Runtime Environment (15.0+36) (build 15+36-1562)
# Java VM: OpenJDK 64-Bit Server VM (15+36-1562, mixed mode, sharing, tiered, compressed oops, g1 gc, windows-amd64)
GC Precious Log:
 CPUs: 12 total, 12 available
 Memory: 8036M
 Large Page Support: Disabled
 NUMA Support: Disabled
 Compressed Oops: Enabled (32-bit)
 Heap Region Size: 1M
 Heap Min Capacity: 8M
 Heap Initial Capacity: 126M
 Heap Max Capacity: 2010M
 Pre-touch: Disabled
 Parallel Workers: 10
 Concurrent Workers: 3
 Concurrent Refinement Workers: 10
 Periodic GC: Disabled
Heap:
 garbage-first heap   total 30720K, used 15809K [0x0000000082600000, 0x0000000100000000)
  region size 1024K, 5 young (5120K), 2 survivors (2048K)
 Metaspace       used 32231K, capacity 32872K, committed 33024K, reserved 1079296K
  class space    used 3566K, capacity 3756K, committed 3840K, reserved 1048576K
GC Heap History (20 events):
Event: 97.430 GC heap before
{Heap before GC invocations=24 (full 0):
 garbage-first heap   total 30720K, used 22261K [0x0000000082600000, 0x0000000100000000)
  region size 1024K, 11 young (11264K), 2 survivors (2048K)
 Metaspace       used 31483K, capacity 32067K, committed 32128K, reserved 1077248K
  class space    used 3536K, capacity 3710K, committed 3712K, reserved 1048576K
}
Event: 97.431 GC heap after
{Heap after GC invocations=25 (full 0):
 garbage-first heap   total 30720K, used 12814K [0x0000000082600000, 0x0000000100000000)
  region size 1024K, 1 young (1024K), 1 survivors (1024K)
 Metaspace       used 31483K, capacity 32067K, committed 32128K, reserved 1077248K
  class space    used 3536K, capacity 3710K, committed 3712K, reserved 1048576K
}
Event: 97.496 GC heap before
{Heap before GC invocations=25 (full 0):
 garbage-first heap   total 30720K, used 23054K [0x0000000082600000, 0x0000000100000000)
  region size 1024K, 11 young (11264K), 1 survivors (1024K)
 Metaspace       used 31518K, capacity 32069K, committed 32128K, reserved 1077248K
  class space    used 3536K, capacity 3710K, committed 3712K, reserved 1048576K
}
Event: 97.497 GC heap after
{Heap after GC invocations=26 (full 0):
 garbage-first heap   total 30720K, used 12780K [0x0000000082600000, 0x0000000100000000)
  region size 1024K, 1 young (1024K), 1 survivors (1024K)
 Metaspace       used 31518K, capacity 32069K, committed 32128K, reserved 1077248K
  class space    used 3536K, capacity 3710K, committed 3712K, reserved 1048576K
}
Event: 97.550 GC heap before
{Heap before GC invocations=26 (full 0):
 garbage-first heap   total 30720K, used 21996K [0x0000000082600000, 0x0000000100000000)
  region size 1024K, 11 young (11264K), 1 survivors (1024K)
 Metaspace       used 31571K, capacity 32133K, committed 32384K, reserved 1077248K
  class space    used 3536K, capacity 3710K, committed 3712K, reserved 1048576K
}
Event: 97.551 GC heap after
{Heap after GC invocations=27 (full 0):
 garbage-first heap   total 30720K, used 12637K [0x0000000082600000, 0x0000000100000000)
  region size 1024K, 1 young (1024K), 1 survivors (1024K)
 Metaspace       used 31571K, capacity 32133K, committed 32384K, reserved 1077248K
  class space    used 3536K, capacity 3710K, committed 3712K, reserved 1048576K
}
Event: 102.919 GC heap before
{Heap before GC invocations=27 (full 0):
 garbage-first heap   total 30720K, used 22877K [0x0000000082600000, 0x0000000100000000)
  region size 1024K, 11 young (11264K), 1 survivors (1024K)
 Metaspace       used 31652K, capacity 32197K, committed 32384K, reserved 1077248K
  class space    used 3538K, capacity 3710K, committed 3712K, reserved 1048576K
}
Event: 102.922 GC heap after
{Heap after GC invocations=28 (full 0):
 garbage-first heap   total 30720K, used 12628K [0x0000000082600000, 0x0000000100000000)
  region size 1024K, 1 young (1024K), 1 survivors (1024K)
 Metaspace       used 31652K, capacity 32197K, committed 32384K, reserved 1077248K
  class space    used 3538K, capacity 3710K, committed 3712K, reserved 1048576K
}
Event: 102.992 GC heap before
{Heap before GC invocations=28 (full 0):
 garbage-first heap   total 30720K, used 22868K [0x0000000082600000, 0x0000000100000000)
  region size 1024K, 11 young (11264K), 1 survivors (1024K)
 Metaspace       used 31699K, capacity 32215K, committed 32512K, reserved 1077248K
  class space    used 3541K, capacity 3714K, committed 3840K, reserved 1048576K
}
Event: 102.993 GC heap after
{Heap after GC invocations=29 (full 0):
 garbage-first heap   total 30720K, used 13123K [0x0000000082600000, 0x0000000100000000)
  region size 1024K, 2 young (2048K), 2 survivors (2048K)
 Metaspace       used 31699K, capacity 32215K, committed 32512K, reserved 1077248K
  class space    used 3541K, capacity 3714K, committed 3840K, reserved 1048576K
}
Event: 103.636 GC heap before
{Heap before GC invocations=29 (full 0):
 garbage-first heap   total 30720K, used 22339K [0x0000000082600000, 0x0000000100000000)
  region size 1024K, 11 young (11264K), 2 survivors (2048K)
 Metaspace       used 31779K, capacity 32385K, committed 32512K, reserved 1077248K
  class space    used 3546K, capacity 3723K, committed 3840K, reserved 1048576K
}
Event: 103.638 GC heap after
{Heap after GC invocations=30 (full 0):
 garbage-first heap   total 30720K, used 12954K [0x0000000082600000, 0x0000000100000000)
  region size 1024K, 2 young (2048K), 2 survivors (2048K)
 Metaspace       used 31779K, capacity 32385K, committed 32512K, reserved 1077248K
  class space    used 3546K, capacity 3723K, committed 3840K, reserved 1048576K
}
Event: 103.699 GC heap before
{Heap before GC invocations=30 (full 0):
 garbage-first heap   total 30720K, used 22170K [0x0000000082600000, 0x0000000100000000)
  region size 1024K, 11 young (11264K), 2 survivors (2048K)
 Metaspace       used 31849K, capacity 32392K, committed 32512K, reserved 1077248K
  class space    used 3547K, capacity 3724K, committed 3840K, reserved 1048576K
}
Event: 103.700 GC heap after
{Heap after GC invocations=31 (full 0):
 garbage-first heap   total 30720K, used 12746K [0x0000000082600000, 0x0000000100000000)
  region size 1024K, 1 young (1024K), 1 survivors (1024K)
 Metaspace       used 31849K, capacity 32392K, committed 32512K, reserved 1077248K
  class space    used 3547K, capacity 3724K, committed 3840K, reserved 1048576K
}
Event: 158.726 GC heap before
{Heap before GC invocations=31 (full 0):
 garbage-first heap   total 30720K, used 22986K [0x0000000082600000, 0x0000000100000000)
  region size 1024K, 11 young (11264K), 1 survivors (1024K)
 Metaspace       used 32078K, capacity 32680K, committed 32768K, reserved 1079296K
  class space    used 3565K, capacity 3756K, committed 3840K, reserved 1048576K
}
Event: 158.727 GC heap after
{Heap after GC invocations=32 (full 0):
 garbage-first heap   total 30720K, used 12568K [0x0000000082600000, 0x0000000100000000)
  region size 1024K, 1 young (1024K), 1 survivors (1024K)
 Metaspace       used 32078K, capacity 32680K, committed 32768K, reserved 1079296K
  class space    used 3565K, capacity 3756K, committed 3840K, reserved 1048576K
}
Event: 158.815 GC heap before
{Heap before GC invocations=32 (full 0):
 garbage-first heap   total 30720K, used 22808K [0x0000000082600000, 0x0000000100000000)
  region size 1024K, 11 young (11264K), 1 survivors (1024K)
 Metaspace       used 32190K, capacity 32744K, committed 33024K, reserved 1079296K
  class space    used 3565K, capacity 3756K, committed 3840K, reserved 1048576K
}
Event: 158.816 GC heap after
{Heap after GC invocations=33 (full 0):
 garbage-first heap   total 30720K, used 13198K [0x0000000082600000, 0x0000000100000000)
  region size 1024K, 2 young (2048K), 2 survivors (2048K)
 Metaspace       used 32190K, capacity 32744K, committed 33024K, reserved 1079296K
  class space    used 3565K, capacity 3756K, committed 3840K, reserved 1048576K
}
Event: 159.014 GC heap before
{Heap before GC invocations=33 (full 0):
 garbage-first heap   total 30720K, used 22414K [0x0000000082600000, 0x0000000100000000)
  region size 1024K, 11 young (11264K), 2 survivors (2048K)
 Metaspace       used 32221K, capacity 32872K, committed 33024K, reserved 1079296K
  class space    used 3566K, capacity 3756K, committed 3840K, reserved 1048576K
}
Event: 159.016 GC heap after
{Heap after GC invocations=34 (full 0):
 garbage-first heap   total 30720K, used 13761K [0x0000000082600000, 0x0000000100000000)
  region size 1024K, 2 young (2048K), 2 survivors (2048K)
 Metaspace       used 32221K, capacity 32872K, committed 33024K, reserved 1079296K
  class space    used 3566K, capacity 3756K, committed 3840K, reserved 1048576K
}

